<?xml version="1.0" encoding="UTF-8"?>
<testng-results skipped="0" failed="0" ignored="0" total="2" passed="2">
  <reporter-output>
  </reporter-output>
  <suite name="Default suite" duration-ms="603" started-at="2018-04-27T05:57:10Z" finished-at="2018-04-27T05:57:10Z">
    <groups>
    </groups>
    <test name="Default test" duration-ms="603" started-at="2018-04-27T05:57:10Z" finished-at="2018-04-27T05:57:10Z">
      <class name="com.dt.spring.mvc.NewTest">
        <test-method status="PASS" signature="beforeSuite()[pri:0, instance:com.dt.spring.mvc.NewTest@78c03f1f]" name="beforeSuite" is-config="true" duration-ms="21" started-at="2018-04-27T05:57:10Z" finished-at="2018-04-27T05:57:10Z">
          <reporter-output>
          </reporter-output>
        </test-method> <!-- beforeSuite -->
        <test-method status="PASS" signature="beforeTest()[pri:0, instance:com.dt.spring.mvc.NewTest@78c03f1f]" name="beforeTest" is-config="true" duration-ms="2" started-at="2018-04-27T05:57:10Z" finished-at="2018-04-27T05:57:10Z">
          <reporter-output>
          </reporter-output>
        </test-method> <!-- beforeTest -->
        <test-method status="PASS" signature="beforeClass()[pri:0, instance:com.dt.spring.mvc.NewTest@78c03f1f]" name="beforeClass" is-config="true" duration-ms="1" started-at="2018-04-27T05:57:10Z" finished-at="2018-04-27T05:57:10Z">
          <reporter-output>
          </reporter-output>
        </test-method> <!-- beforeClass -->
        <test-method status="PASS" signature="viewResolver()[pri:0, instance:com.dt.spring.mvc.NewTest@78c03f1f]" name="viewResolver" is-config="true" duration-ms="468" started-at="2018-04-27T05:57:10Z" finished-at="2018-04-27T05:57:10Z">
          <reporter-output>
          </reporter-output>
        </test-method> <!-- viewResolver -->
        <test-method status="PASS" signature="f(java.lang.Integer, java.lang.String)[pri:0, instance:com.dt.spring.mvc.NewTest@78c03f1f]" name="f" duration-ms="16" started-at="2018-04-27T05:57:10Z" data-provider="dp" finished-at="2018-04-27T05:57:10Z">
          <params>
            <param index="0">
              <value>
                <![CDATA[1]]>
              </value>
            </param>
            <param index="1">
              <value>
                <![CDATA[a]]>
              </value>
            </param>
          </params>
          <reporter-output>
          </reporter-output>
        </test-method> <!-- f -->
        <test-method status="PASS" signature="dataSource()[pri:0, instance:com.dt.spring.mvc.NewTest@78c03f1f]" name="dataSource" is-config="true" duration-ms="67" started-at="2018-04-27T05:57:10Z" finished-at="2018-04-27T05:57:10Z">
          <reporter-output>
          </reporter-output>
        </test-method> <!-- dataSource -->
        <test-method status="PASS" signature="viewResolver()[pri:0, instance:com.dt.spring.mvc.NewTest@78c03f1f]" name="viewResolver" is-config="true" duration-ms="1" started-at="2018-04-27T05:57:10Z" finished-at="2018-04-27T05:57:10Z">
          <reporter-output>
          </reporter-output>
        </test-method> <!-- viewResolver -->
        <test-method status="PASS" signature="f(java.lang.Integer, java.lang.String)[pri:0, instance:com.dt.spring.mvc.NewTest@78c03f1f]" name="f" duration-ms="3" started-at="2018-04-27T05:57:10Z" data-provider="dp" finished-at="2018-04-27T05:57:10Z">
          <params>
            <param index="0">
              <value>
                <![CDATA[2]]>
              </value>
            </param>
            <param index="1">
              <value>
                <![CDATA[b]]>
              </value>
            </param>
          </params>
          <reporter-output>
          </reporter-output>
        </test-method> <!-- f -->
        <test-method status="PASS" signature="dataSource()[pri:0, instance:com.dt.spring.mvc.NewTest@78c03f1f]" name="dataSource" is-config="true" duration-ms="3" started-at="2018-04-27T05:57:10Z" finished-at="2018-04-27T05:57:10Z">
          <reporter-output>
          </reporter-output>
        </test-method> <!-- dataSource -->
        <test-method status="PASS" signature="afterClass()[pri:0, instance:com.dt.spring.mvc.NewTest@78c03f1f]" name="afterClass" is-config="true" duration-ms="0" started-at="2018-04-27T05:57:10Z" finished-at="2018-04-27T05:57:10Z">
          <reporter-output>
          </reporter-output>
        </test-method> <!-- afterClass -->
        <test-method status="PASS" signature="afterTest()[pri:0, instance:com.dt.spring.mvc.NewTest@78c03f1f]" name="afterTest" is-config="true" duration-ms="0" started-at="2018-04-27T05:57:10Z" finished-at="2018-04-27T05:57:10Z">
          <reporter-output>
          </reporter-output>
        </test-method> <!-- afterTest -->
        <test-method status="PASS" signature="afterSuite()[pri:0, instance:com.dt.spring.mvc.NewTest@78c03f1f]" name="afterSuite" is-config="true" duration-ms="0" started-at="2018-04-27T05:57:10Z" finished-at="2018-04-27T05:57:10Z">
          <reporter-output>
          </reporter-output>
        </test-method> <!-- afterSuite -->
      </class> <!-- com.dt.spring.mvc.NewTest -->
    </test> <!-- Default test -->
  </suite> <!-- Default suite -->
</testng-results>
